  moc TMainWindow.hpp
  TMainWindow.cpp
  main.cpp
X:\qtvs_sql\sqlite_qt\TMainWindow.hpp(1,1): warning C4828: Файл содержит знак, начинающийся со смещения 0x223, который является недопустимым в текущей исходной кодировке (кодовая страница 65001).
  (компиляция исходного файла "TMainWindow.cpp")
  
X:\qtvs_sql\sqlite_qt\TMainWindow.hpp(1,1): warning C4828: Файл содержит знак, начинающийся со смещения 0x223, который является недопустимым в текущей исходной кодировке (кодовая страница 65001).
  (компиляция исходного файла "main.cpp")
  
X:\qtvs_sql\sqlite_qt\TMainWindow.hpp(1,1): warning C4828: Файл содержит знак, начинающийся со смещения 0x225, который является недопустимым в текущей исходной кодировке (кодовая страница 65001).
  (компиляция исходного файла "TMainWindow.cpp")
  
X:\qtvs_sql\sqlite_qt\TMainWindow.hpp(1,1): warning C4828: Файл содержит знак, начинающийся со смещения 0x225, который является недопустимым в текущей исходной кодировке (кодовая страница 65001).
  (компиляция исходного файла "main.cpp")
  
X:\qtvs_sql\sqlite_qt\TMainWindow.hpp(1,1): warning C4828: Файл содержит знак, начинающийся со смещения 0x228, который является недопустимым в текущей исходной кодировке (кодовая страница 65001).
  (компиляция исходного файла "TMainWindow.cpp")
  
X:\qtvs_sql\sqlite_qt\TMainWindow.hpp(1,1): warning C4828: Файл содержит знак, начинающийся со смещения 0x228, который является недопустимым в текущей исходной кодировке (кодовая страница 65001).
  (компиляция исходного файла "main.cpp")
  
X:\qtvs_sql\sqlite_qt\TMainWindow.hpp(1,1): warning C4828: Файл содержит знак, начинающийся со смещения 0x22b, который является недопустимым в текущей исходной кодировке (кодовая страница 65001).
  (компиляция исходного файла "TMainWindow.cpp")
  
X:\qtvs_sql\sqlite_qt\TMainWindow.hpp(1,1): warning C4828: Файл содержит знак, начинающийся со смещения 0x22b, который является недопустимым в текущей исходной кодировке (кодовая страница 65001).
  (компиляция исходного файла "main.cpp")
  
X:\qtvs_sql\sqlite_qt\TMainWindow.hpp(1,1): warning C4828: Файл содержит знак, начинающийся со смещения 0x230, который является недопустимым в текущей исходной кодировке (кодовая страница 65001).
  (компиляция исходного файла "TMainWindow.cpp")
  
X:\qtvs_sql\sqlite_qt\TMainWindow.hpp(1,1): warning C4828: Файл содержит знак, начинающийся со смещения 0x230, который является недопустимым в текущей исходной кодировке (кодовая страница 65001).
  (компиляция исходного файла "main.cpp")
  
X:\qtvs_sql\sqlite_qt\TMainWindow.hpp(1,1): warning C4828: Файл содержит знак, начинающийся со смещения 0x234, который является недопустимым в текущей исходной кодировке (кодовая страница 65001).
  (компиляция исходного файла "TMainWindow.cpp")
  
X:\qtvs_sql\sqlite_qt\TMainWindow.hpp(1,1): warning C4828: Файл содержит знак, начинающийся со смещения 0x234, который является недопустимым в текущей исходной кодировке (кодовая страница 65001).
  (компиляция исходного файла "main.cpp")
  
X:\qtvs_sql\sqlite_qt\TMainWindow.hpp(1,1): warning C4828: Файл содержит знак, начинающийся со смещения 0x237, который является недопустимым в текущей исходной кодировке (кодовая страница 65001).
  (компиляция исходного файла "main.cpp")
  
X:\qtvs_sql\sqlite_qt\TMainWindow.hpp(1,1): warning C4828: Файл содержит знак, начинающийся со смещения 0x23a, который является недопустимым в текущей исходной кодировке (кодовая страница 65001).
  (компиляция исходного файла "main.cpp")
  
X:\qtvs_sql\sqlite_qt\TMainWindow.hpp(1,1): warning C4828: Файл содержит знак, начинающийся со смещения 0x237, который является недопустимым в текущей исходной кодировке (кодовая страница 65001).
  (компиляция исходного файла "TMainWindow.cpp")
  
X:\qtvs_sql\sqlite_qt\TMainWindow.hpp(1,1): warning C4828: Файл содержит знак, начинающийся со смещения 0x23d, который является недопустимым в текущей исходной кодировке (кодовая страница 65001).
  (компиляция исходного файла "main.cpp")
  
X:\qtvs_sql\sqlite_qt\TMainWindow.hpp(1,1): warning C4828: Файл содержит знак, начинающийся со смещения 0x23f, который является недопустимым в текущей исходной кодировке (кодовая страница 65001).
  (компиляция исходного файла "main.cpp")
  
X:\qtvs_sql\sqlite_qt\TMainWindow.hpp(1,1): warning C4828: Файл содержит знак, начинающийся со смещения 0x23a, который является недопустимым в текущей исходной кодировке (кодовая страница 65001).
  (компиляция исходного файла "TMainWindow.cpp")
  
X:\qtvs_sql\sqlite_qt\TMainWindow.hpp(1,1): warning C4828: Файл содержит знак, начинающийся со смещения 0x242, который является недопустимым в текущей исходной кодировке (кодовая страница 65001).
  (компиляция исходного файла "main.cpp")
  
X:\qtvs_sql\sqlite_qt\TMainWindow.hpp(1,1): warning C4828: Файл содержит знак, начинающийся со смещения 0x245, который является недопустимым в текущей исходной кодировке (кодовая страница 65001).
  (компиляция исходного файла "main.cpp")
  
X:\qtvs_sql\sqlite_qt\TMainWindow.hpp(1,1): warning C4828: Файл содержит знак, начинающийся со смещения 0x246, который является недопустимым в текущей исходной кодировке (кодовая страница 65001).
  (компиляция исходного файла "main.cpp")
  
X:\qtvs_sql\sqlite_qt\TMainWindow.hpp(1,1): warning C4828: Файл содержит знак, начинающийся со смещения 0x23d, который является недопустимым в текущей исходной кодировке (кодовая страница 65001).
  (компиляция исходного файла "TMainWindow.cpp")
  
X:\qtvs_sql\sqlite_qt\TMainWindow.hpp(1,1): warning C4828: Файл содержит знак, начинающийся со смещения 0x24a, который является недопустимым в текущей исходной кодировке (кодовая страница 65001).
  (компиляция исходного файла "main.cpp")
  
X:\qtvs_sql\sqlite_qt\TMainWindow.hpp(1,1): warning C4828: Файл содержит знак, начинающийся со смещения 0x24e, который является недопустимым в текущей исходной кодировке (кодовая страница 65001).
  (компиляция исходного файла "main.cpp")
  
X:\qtvs_sql\sqlite_qt\TMainWindow.hpp(1,1): warning C4828: Файл содержит знак, начинающийся со смещения 0x23f, который является недопустимым в текущей исходной кодировке (кодовая страница 65001).
  (компиляция исходного файла "TMainWindow.cpp")
  
X:\qtvs_sql\sqlite_qt\TMainWindow.hpp(1,1): warning C4828: Файл содержит знак, начинающийся со смещения 0x278, который является недопустимым в текущей исходной кодировке (кодовая страница 65001).
  (компиляция исходного файла "main.cpp")
  
X:\qtvs_sql\sqlite_qt\TMainWindow.hpp(1,1): warning C4828: Файл содержит знак, начинающийся со смещения 0x27a, который является недопустимым в текущей исходной кодировке (кодовая страница 65001).
  (компиляция исходного файла "main.cpp")
  
X:\qtvs_sql\sqlite_qt\TMainWindow.hpp(1,1): warning C4828: Файл содержит знак, начинающийся со смещения 0x27d, который является недопустимым в текущей исходной кодировке (кодовая страница 65001).
  (компиляция исходного файла "main.cpp")
  
X:\qtvs_sql\sqlite_qt\TMainWindow.hpp(1,1): warning C4828: Файл содержит знак, начинающийся со смещения 0x280, который является недопустимым в текущей исходной кодировке (кодовая страница 65001).
  (компиляция исходного файла "main.cpp")
  
X:\qtvs_sql\sqlite_qt\TMainWindow.hpp(1,1): warning C4828: Файл содержит знак, начинающийся со смещения 0x242, который является недопустимым в текущей исходной кодировке (кодовая страница 65001).
  (компиляция исходного файла "TMainWindow.cpp")
  
X:\qtvs_sql\sqlite_qt\TMainWindow.hpp(1,1): warning C4828: Файл содержит знак, начинающийся со смещения 0x285, который является недопустимым в текущей исходной кодировке (кодовая страница 65001).
  (компиляция исходного файла "main.cpp")
  
X:\qtvs_sql\sqlite_qt\TMainWindow.hpp(1,1): warning C4828: Файл содержит знак, начинающийся со смещения 0x245, который является недопустимым в текущей исходной кодировке (кодовая страница 65001).
  (компиляция исходного файла "TMainWindow.cpp")
  
X:\qtvs_sql\sqlite_qt\TMainWindow.hpp(1,1): warning C4828: Файл содержит знак, начинающийся со смещения 0x289, который является недопустимым в текущей исходной кодировке (кодовая страница 65001).
  (компиляция исходного файла "main.cpp")
  
X:\qtvs_sql\sqlite_qt\TMainWindow.hpp(1,1): warning C4828: Файл содержит знак, начинающийся со смещения 0x246, который является недопустимым в текущей исходной кодировке (кодовая страница 65001).
  (компиляция исходного файла "TMainWindow.cpp")
  
X:\qtvs_sql\sqlite_qt\TMainWindow.hpp(1,1): warning C4828: Файл содержит знак, начинающийся со смещения 0x28d, который является недопустимым в текущей исходной кодировке (кодовая страница 65001).
  (компиляция исходного файла "main.cpp")
  
X:\qtvs_sql\sqlite_qt\TMainWindow.hpp(1,1): warning C4828: Файл содержит знак, начинающийся со смещения 0x24a, который является недопустимым в текущей исходной кодировке (кодовая страница 65001).
  (компиляция исходного файла "TMainWindow.cpp")
  
X:\qtvs_sql\sqlite_qt\TMainWindow.hpp(1,1): warning C4828: Файл содержит знак, начинающийся со смещения 0x290, который является недопустимым в текущей исходной кодировке (кодовая страница 65001).
  (компиляция исходного файла "main.cpp")
  
X:\qtvs_sql\sqlite_qt\TMainWindow.hpp(1,1): warning C4828: Файл содержит знак, начинающийся со смещения 0x24e, который является недопустимым в текущей исходной кодировке (кодовая страница 65001).
  (компиляция исходного файла "TMainWindow.cpp")
  
X:\qtvs_sql\sqlite_qt\TMainWindow.hpp(1,1): warning C4828: Файл содержит знак, начинающийся со смещения 0x292, который является недопустимым в текущей исходной кодировке (кодовая страница 65001).
  (компиляция исходного файла "main.cpp")
  
X:\qtvs_sql\sqlite_qt\TMainWindow.hpp(1,1): warning C4828: Файл содержит знак, начинающийся со смещения 0x278, который является недопустимым в текущей исходной кодировке (кодовая страница 65001).
  (компиляция исходного файла "TMainWindow.cpp")
  
X:\qtvs_sql\sqlite_qt\TMainWindow.hpp(1,1): warning C4828: Файл содержит знак, начинающийся со смещения 0x293, который является недопустимым в текущей исходной кодировке (кодовая страница 65001).
  (компиляция исходного файла "main.cpp")
  
X:\qtvs_sql\sqlite_qt\TMainWindow.hpp(1,1): warning C4828: Файл содержит знак, начинающийся со смещения 0x297, который является недопустимым в текущей исходной кодировке (кодовая страница 65001).
  (компиляция исходного файла "main.cpp")
  
X:\qtvs_sql\sqlite_qt\TMainWindow.hpp(1,1): warning C4828: Файл содержит знак, начинающийся со смещения 0x27a, который является недопустимым в текущей исходной кодировке (кодовая страница 65001).
  (компиляция исходного файла "TMainWindow.cpp")
  
X:\qtvs_sql\sqlite_qt\TMainWindow.hpp(1,1): warning C4828: Файл содержит знак, начинающийся со смещения 0x29a, который является недопустимым в текущей исходной кодировке (кодовая страница 65001).
  (компиляция исходного файла "main.cpp")
  
X:\qtvs_sql\sqlite_qt\TMainWindow.hpp(1,1): warning C4828: Файл содержит знак, начинающийся со смещения 0x27d, который является недопустимым в текущей исходной кодировке (кодовая страница 65001).
  (компиляция исходного файла "TMainWindow.cpp")
  
X:\qtvs_sql\sqlite_qt\TMainWindow.hpp(1,1): warning C4828: Файл содержит знак, начинающийся со смещения 0x29d, который является недопустимым в текущей исходной кодировке (кодовая страница 65001).
  (компиляция исходного файла "main.cpp")
  
X:\qtvs_sql\sqlite_qt\TMainWindow.hpp(1,1): warning C4828: Файл содержит знак, начинающийся со смещения 0x2c9, который является недопустимым в текущей исходной кодировке (кодовая страница 65001).
  (компиляция исходного файла "main.cpp")
  
X:\qtvs_sql\sqlite_qt\TMainWindow.hpp(1,1): warning C4828: Файл содержит знак, начинающийся со смещения 0x280, который является недопустимым в текущей исходной кодировке (кодовая страница 65001).
  (компиляция исходного файла "TMainWindow.cpp")
  
X:\qtvs_sql\sqlite_qt\TMainWindow.hpp(1,1): warning C4828: Файл содержит знак, начинающийся со смещения 0x2cb, который является недопустимым в текущей исходной кодировке (кодовая страница 65001).
  (компиляция исходного файла "main.cpp")
  
X:\qtvs_sql\sqlite_qt\TMainWindow.hpp(1,1): warning C4828: Файл содержит знак, начинающийся со смещения 0x285, который является недопустимым в текущей исходной кодировке (кодовая страница 65001).
  (компиляция исходного файла "TMainWindow.cpp")
  
X:\qtvs_sql\sqlite_qt\TMainWindow.hpp(1,1): warning C4828: Файл содержит знак, начинающийся со смещения 0x2ce, который является недопустимым в текущей исходной кодировке (кодовая страница 65001).
  (компиляция исходного файла "main.cpp")
  
X:\qtvs_sql\sqlite_qt\TMainWindow.hpp(1,1): warning C4828: Файл содержит знак, начинающийся со смещения 0x2d1, который является недопустимым в текущей исходной кодировке (кодовая страница 65001).
  (компиляция исходного файла "main.cpp")
  
X:\qtvs_sql\sqlite_qt\TMainWindow.hpp(1,1): warning C4828: Файл содержит знак, начинающийся со смещения 0x289, который является недопустимым в текущей исходной кодировке (кодовая страница 65001).
  (компиляция исходного файла "TMainWindow.cpp")
  
X:\qtvs_sql\sqlite_qt\TMainWindow.hpp(1,1): warning C4828: Файл содержит знак, начинающийся со смещения 0x2d6, который является недопустимым в текущей исходной кодировке (кодовая страница 65001).
  (компиляция исходного файла "main.cpp")
  
X:\qtvs_sql\sqlite_qt\TMainWindow.hpp(1,1): warning C4828: Файл содержит знак, начинающийся со смещения 0x28d, который является недопустимым в текущей исходной кодировке (кодовая страница 65001).
  (компиляция исходного файла "TMainWindow.cpp")
  
X:\qtvs_sql\sqlite_qt\TMainWindow.hpp(1,1): warning C4828: Файл содержит знак, начинающийся со смещения 0x2da, который является недопустимым в текущей исходной кодировке (кодовая страница 65001).
  (компиляция исходного файла "main.cpp")
  
X:\qtvs_sql\sqlite_qt\TMainWindow.hpp(1,1): warning C4828: Файл содержит знак, начинающийся со смещения 0x2dd, который является недопустимым в текущей исходной кодировке (кодовая страница 65001).
  (компиляция исходного файла "main.cpp")
  
X:\qtvs_sql\sqlite_qt\TMainWindow.hpp(1,1): warning C4828: Файл содержит знак, начинающийся со смещения 0x290, который является недопустимым в текущей исходной кодировке (кодовая страница 65001).
  (компиляция исходного файла "TMainWindow.cpp")
  
X:\qtvs_sql\sqlite_qt\TMainWindow.hpp(1,1): warning C4828: Файл содержит знак, начинающийся со смещения 0x2e0, который является недопустимым в текущей исходной кодировке (кодовая страница 65001).
  (компиляция исходного файла "main.cpp")
  
X:\qtvs_sql\sqlite_qt\TMainWindow.hpp(1,1): warning C4828: Файл содержит знак, начинающийся со смещения 0x2e3, который является недопустимым в текущей исходной кодировке (кодовая страница 65001).
  (компиляция исходного файла "main.cpp")
  
X:\qtvs_sql\sqlite_qt\TMainWindow.hpp(1,1): warning C4828: Файл содержит знак, начинающийся со смещения 0x292, который является недопустимым в текущей исходной кодировке (кодовая страница 65001).
  (компиляция исходного файла "TMainWindow.cpp")
  
X:\qtvs_sql\sqlite_qt\TMainWindow.hpp(1,1): warning C4828: Файл содержит знак, начинающийся со смещения 0x2e7, который является недопустимым в текущей исходной кодировке (кодовая страница 65001).
  (компиляция исходного файла "main.cpp")
  
X:\qtvs_sql\sqlite_qt\TMainWindow.hpp(1,1): warning C4828: Файл содержит знак, начинающийся со смещения 0x293, который является недопустимым в текущей исходной кодировке (кодовая страница 65001).
  (компиляция исходного файла "TMainWindow.cpp")
  
X:\qtvs_sql\sqlite_qt\TMainWindow.hpp(1,1): warning C4828: Файл содержит знак, начинающийся со смещения 0x2ea, который является недопустимым в текущей исходной кодировке (кодовая страница 65001).
  (компиляция исходного файла "main.cpp")
  
X:\qtvs_sql\sqlite_qt\TMainWindow.hpp(1,1): warning C4828: Файл содержит знак, начинающийся со смещения 0x297, который является недопустимым в текущей исходной кодировке (кодовая страница 65001).
  (компиляция исходного файла "TMainWindow.cpp")
  
X:\qtvs_sql\sqlite_qt\TMainWindow.hpp(1,1): warning C4828: Файл содержит знак, начинающийся со смещения 0x2ee, который является недопустимым в текущей исходной кодировке (кодовая страница 65001).
  (компиляция исходного файла "main.cpp")
  
X:\qtvs_sql\sqlite_qt\TMainWindow.hpp(1,1): warning C4828: Файл содержит знак, начинающийся со смещения 0x2f2, который является недопустимым в текущей исходной кодировке (кодовая страница 65001).
  (компиляция исходного файла "main.cpp")
  
X:\qtvs_sql\sqlite_qt\TMainWindow.hpp(1,1): warning C4828: Файл содержит знак, начинающийся со смещения 0x2f6, который является недопустимым в текущей исходной кодировке (кодовая страница 65001).
  (компиляция исходного файла "main.cpp")
  
X:\qtvs_sql\sqlite_qt\TMainWindow.hpp(1,1): warning C4828: Файл содержит знак, начинающийся со смещения 0x29a, который является недопустимым в текущей исходной кодировке (кодовая страница 65001).
  (компиляция исходного файла "TMainWindow.cpp")
  
X:\qtvs_sql\sqlite_qt\TMainWindow.hpp(1,1): warning C4828: Файл содержит знак, начинающийся со смещения 0x2f9, который является недопустимым в текущей исходной кодировке (кодовая страница 65001).
  (компиляция исходного файла "main.cpp")
  
X:\qtvs_sql\sqlite_qt\TMainWindow.hpp(1,1): warning C4828: Файл содержит знак, начинающийся со смещения 0x2fc, который является недопустимым в текущей исходной кодировке (кодовая страница 65001).
  (компиляция исходного файла "main.cpp")
  
X:\qtvs_sql\sqlite_qt\TMainWindow.hpp(1,1): warning C4828: Файл содержит знак, начинающийся со смещения 0x29d, который является недопустимым в текущей исходной кодировке (кодовая страница 65001).
  (компиляция исходного файла "TMainWindow.cpp")
  
X:\qtvs_sql\sqlite_qt\TMainWindow.hpp(1,1): warning C4828: Файл содержит знак, начинающийся со смещения 0x2fd, который является недопустимым в текущей исходной кодировке (кодовая страница 65001).
  (компиляция исходного файла "main.cpp")
  
X:\qtvs_sql\sqlite_qt\TMainWindow.hpp(1,1): warning C4828: Файл содержит знак, начинающийся со смещения 0x2c9, который является недопустимым в текущей исходной кодировке (кодовая страница 65001).
  (компиляция исходного файла "TMainWindow.cpp")
  
X:\qtvs_sql\sqlite_qt\TMainWindow.hpp(1,1): warning C4828: Файл содержит знак, начинающийся со смещения 0x300, который является недопустимым в текущей исходной кодировке (кодовая страница 65001).
  (компиляция исходного файла "main.cpp")
  
X:\qtvs_sql\sqlite_qt\TMainWindow.hpp(1,1): warning C4828: Файл содержит знак, начинающийся со смещения 0x303, который является недопустимым в текущей исходной кодировке (кодовая страница 65001).
  (компиляция исходного файла "main.cpp")
  
X:\qtvs_sql\sqlite_qt\TMainWindow.hpp(1,1): warning C4828: Файл содержит знак, начинающийся со смещения 0x2cb, который является недопустимым в текущей исходной кодировке (кодовая страница 65001).
  (компиляция исходного файла "TMainWindow.cpp")
  
X:\qtvs_sql\sqlite_qt\TMainWindow.hpp(1,1): warning C4828: Файл содержит знак, начинающийся со смещения 0x2ce, который является недопустимым в текущей исходной кодировке (кодовая страница 65001).
  (компиляция исходного файла "TMainWindow.cpp")
  
X:\qtvs_sql\sqlite_qt\TMainWindow.hpp(1,1): warning C4828: Файл содержит знак, начинающийся со смещения 0x2d1, который является недопустимым в текущей исходной кодировке (кодовая страница 65001).
  (компиляция исходного файла "TMainWindow.cpp")
  
X:\qtvs_sql\sqlite_qt\TMainWindow.hpp(1,1): warning C4828: Файл содержит знак, начинающийся со смещения 0x2d6, который является недопустимым в текущей исходной кодировке (кодовая страница 65001).
  (компиляция исходного файла "TMainWindow.cpp")
  
X:\qtvs_sql\sqlite_qt\TMainWindow.hpp(1,1): warning C4828: Файл содержит знак, начинающийся со смещения 0x2da, который является недопустимым в текущей исходной кодировке (кодовая страница 65001).
  (компиляция исходного файла "TMainWindow.cpp")
  
X:\qtvs_sql\sqlite_qt\TMainWindow.hpp(1,1): warning C4828: Файл содержит знак, начинающийся со смещения 0x2dd, который является недопустимым в текущей исходной кодировке (кодовая страница 65001).
  (компиляция исходного файла "TMainWindow.cpp")
  
X:\qtvs_sql\sqlite_qt\TMainWindow.hpp(1,1): warning C4828: Файл содержит знак, начинающийся со смещения 0x2e0, который является недопустимым в текущей исходной кодировке (кодовая страница 65001).
  (компиляция исходного файла "TMainWindow.cpp")
  
X:\qtvs_sql\sqlite_qt\TMainWindow.hpp(1,1): warning C4828: Файл содержит знак, начинающийся со смещения 0x2e3, который является недопустимым в текущей исходной кодировке (кодовая страница 65001).
  (компиляция исходного файла "TMainWindow.cpp")
  
X:\qtvs_sql\sqlite_qt\TMainWindow.hpp(1,1): warning C4828: Файл содержит знак, начинающийся со смещения 0x2e7, который является недопустимым в текущей исходной кодировке (кодовая страница 65001).
  (компиляция исходного файла "TMainWindow.cpp")
  
X:\qtvs_sql\sqlite_qt\TMainWindow.hpp(1,1): warning C4828: Файл содержит знак, начинающийся со смещения 0x2ea, который является недопустимым в текущей исходной кодировке (кодовая страница 65001).
  (компиляция исходного файла "TMainWindow.cpp")
  
X:\qtvs_sql\sqlite_qt\TMainWindow.hpp(1,1): warning C4828: Файл содержит знак, начинающийся со смещения 0x2ee, который является недопустимым в текущей исходной кодировке (кодовая страница 65001).
  (компиляция исходного файла "TMainWindow.cpp")
  
X:\qtvs_sql\sqlite_qt\TMainWindow.hpp(1,1): warning C4828: Файл содержит знак, начинающийся со смещения 0x2f2, который является недопустимым в текущей исходной кодировке (кодовая страница 65001).
  (компиляция исходного файла "TMainWindow.cpp")
  
X:\qtvs_sql\sqlite_qt\TMainWindow.hpp(1,1): warning C4828: Файл содержит знак, начинающийся со смещения 0x2f6, который является недопустимым в текущей исходной кодировке (кодовая страница 65001).
  (компиляция исходного файла "TMainWindow.cpp")
  
X:\qtvs_sql\sqlite_qt\TMainWindow.hpp(1,1): warning C4828: Файл содержит знак, начинающийся со смещения 0x2f9, который является недопустимым в текущей исходной кодировке (кодовая страница 65001).
  (компиляция исходного файла "TMainWindow.cpp")
  
X:\qtvs_sql\sqlite_qt\TMainWindow.hpp(1,1): warning C4828: Файл содержит знак, начинающийся со смещения 0x2fc, который является недопустимым в текущей исходной кодировке (кодовая страница 65001).
  (компиляция исходного файла "TMainWindow.cpp")
  
X:\qtvs_sql\sqlite_qt\TMainWindow.hpp(1,1): warning C4828: Файл содержит знак, начинающийся со смещения 0x2fd, который является недопустимым в текущей исходной кодировке (кодовая страница 65001).
  (компиляция исходного файла "TMainWindow.cpp")
  
X:\qtvs_sql\sqlite_qt\TMainWindow.hpp(1,1): warning C4828: Файл содержит знак, начинающийся со смещения 0x300, который является недопустимым в текущей исходной кодировке (кодовая страница 65001).
  (компиляция исходного файла "TMainWindow.cpp")
  
X:\qtvs_sql\sqlite_qt\TMainWindow.hpp(1,1): warning C4828: Файл содержит знак, начинающийся со смещения 0x303, который является недопустимым в текущей исходной кодировке (кодовая страница 65001).
  (компиляция исходного файла "TMainWindow.cpp")
  
  moc_TMainWindow.cpp
X:\qtvs_sql\sqlite_qt\TMainWindow.hpp(1,1): warning C4828: Файл содержит знак, начинающийся со смещения 0x223, который является недопустимым в текущей исходной кодировке (кодовая страница 65001).
  (компиляция исходного файла "x64/Debug/moc/moc_TMainWindow.cpp")
  
X:\qtvs_sql\sqlite_qt\TMainWindow.hpp(1,1): warning C4828: Файл содержит знак, начинающийся со смещения 0x225, который является недопустимым в текущей исходной кодировке (кодовая страница 65001).
  (компиляция исходного файла "x64/Debug/moc/moc_TMainWindow.cpp")
  
X:\qtvs_sql\sqlite_qt\TMainWindow.hpp(1,1): warning C4828: Файл содержит знак, начинающийся со смещения 0x228, который является недопустимым в текущей исходной кодировке (кодовая страница 65001).
  (компиляция исходного файла "x64/Debug/moc/moc_TMainWindow.cpp")
  
X:\qtvs_sql\sqlite_qt\TMainWindow.hpp(1,1): warning C4828: Файл содержит знак, начинающийся со смещения 0x22b, который является недопустимым в текущей исходной кодировке (кодовая страница 65001).
  (компиляция исходного файла "x64/Debug/moc/moc_TMainWindow.cpp")
  
X:\qtvs_sql\sqlite_qt\TMainWindow.hpp(1,1): warning C4828: Файл содержит знак, начинающийся со смещения 0x230, который является недопустимым в текущей исходной кодировке (кодовая страница 65001).
  (компиляция исходного файла "x64/Debug/moc/moc_TMainWindow.cpp")
  
X:\qtvs_sql\sqlite_qt\TMainWindow.hpp(1,1): warning C4828: Файл содержит знак, начинающийся со смещения 0x234, который является недопустимым в текущей исходной кодировке (кодовая страница 65001).
  (компиляция исходного файла "x64/Debug/moc/moc_TMainWindow.cpp")
  
X:\qtvs_sql\sqlite_qt\TMainWindow.hpp(1,1): warning C4828: Файл содержит знак, начинающийся со смещения 0x237, который является недопустимым в текущей исходной кодировке (кодовая страница 65001).
  (компиляция исходного файла "x64/Debug/moc/moc_TMainWindow.cpp")
  
X:\qtvs_sql\sqlite_qt\TMainWindow.hpp(1,1): warning C4828: Файл содержит знак, начинающийся со смещения 0x23a, который является недопустимым в текущей исходной кодировке (кодовая страница 65001).
  (компиляция исходного файла "x64/Debug/moc/moc_TMainWindow.cpp")
  
X:\qtvs_sql\sqlite_qt\TMainWindow.hpp(1,1): warning C4828: Файл содержит знак, начинающийся со смещения 0x23d, который является недопустимым в текущей исходной кодировке (кодовая страница 65001).
  (компиляция исходного файла "x64/Debug/moc/moc_TMainWindow.cpp")
  
X:\qtvs_sql\sqlite_qt\TMainWindow.hpp(1,1): warning C4828: Файл содержит знак, начинающийся со смещения 0x23f, который является недопустимым в текущей исходной кодировке (кодовая страница 65001).
  (компиляция исходного файла "x64/Debug/moc/moc_TMainWindow.cpp")
  
X:\qtvs_sql\sqlite_qt\TMainWindow.hpp(1,1): warning C4828: Файл содержит знак, начинающийся со смещения 0x242, который является недопустимым в текущей исходной кодировке (кодовая страница 65001).
  (компиляция исходного файла "x64/Debug/moc/moc_TMainWindow.cpp")
  
X:\qtvs_sql\sqlite_qt\TMainWindow.hpp(1,1): warning C4828: Файл содержит знак, начинающийся со смещения 0x245, который является недопустимым в текущей исходной кодировке (кодовая страница 65001).
  (компиляция исходного файла "x64/Debug/moc/moc_TMainWindow.cpp")
  
X:\qtvs_sql\sqlite_qt\TMainWindow.hpp(1,1): warning C4828: Файл содержит знак, начинающийся со смещения 0x246, который является недопустимым в текущей исходной кодировке (кодовая страница 65001).
  (компиляция исходного файла "x64/Debug/moc/moc_TMainWindow.cpp")
  
X:\qtvs_sql\sqlite_qt\TMainWindow.hpp(1,1): warning C4828: Файл содержит знак, начинающийся со смещения 0x24a, который является недопустимым в текущей исходной кодировке (кодовая страница 65001).
  (компиляция исходного файла "x64/Debug/moc/moc_TMainWindow.cpp")
  
X:\qtvs_sql\sqlite_qt\TMainWindow.hpp(1,1): warning C4828: Файл содержит знак, начинающийся со смещения 0x24e, который является недопустимым в текущей исходной кодировке (кодовая страница 65001).
  (компиляция исходного файла "x64/Debug/moc/moc_TMainWindow.cpp")
  
X:\qtvs_sql\sqlite_qt\TMainWindow.hpp(1,1): warning C4828: Файл содержит знак, начинающийся со смещения 0x278, который является недопустимым в текущей исходной кодировке (кодовая страница 65001).
  (компиляция исходного файла "x64/Debug/moc/moc_TMainWindow.cpp")
  
X:\qtvs_sql\sqlite_qt\TMainWindow.hpp(1,1): warning C4828: Файл содержит знак, начинающийся со смещения 0x27a, который является недопустимым в текущей исходной кодировке (кодовая страница 65001).
  (компиляция исходного файла "x64/Debug/moc/moc_TMainWindow.cpp")
  
X:\qtvs_sql\sqlite_qt\TMainWindow.hpp(1,1): warning C4828: Файл содержит знак, начинающийся со смещения 0x27d, который является недопустимым в текущей исходной кодировке (кодовая страница 65001).
  (компиляция исходного файла "x64/Debug/moc/moc_TMainWindow.cpp")
  
X:\qtvs_sql\sqlite_qt\TMainWindow.hpp(1,1): warning C4828: Файл содержит знак, начинающийся со смещения 0x280, который является недопустимым в текущей исходной кодировке (кодовая страница 65001).
  (компиляция исходного файла "x64/Debug/moc/moc_TMainWindow.cpp")
  
X:\qtvs_sql\sqlite_qt\TMainWindow.hpp(1,1): warning C4828: Файл содержит знак, начинающийся со смещения 0x285, который является недопустимым в текущей исходной кодировке (кодовая страница 65001).
  (компиляция исходного файла "x64/Debug/moc/moc_TMainWindow.cpp")
  
X:\qtvs_sql\sqlite_qt\TMainWindow.hpp(1,1): warning C4828: Файл содержит знак, начинающийся со смещения 0x289, который является недопустимым в текущей исходной кодировке (кодовая страница 65001).
  (компиляция исходного файла "x64/Debug/moc/moc_TMainWindow.cpp")
  
X:\qtvs_sql\sqlite_qt\TMainWindow.hpp(1,1): warning C4828: Файл содержит знак, начинающийся со смещения 0x28d, который является недопустимым в текущей исходной кодировке (кодовая страница 65001).
  (компиляция исходного файла "x64/Debug/moc/moc_TMainWindow.cpp")
  
X:\qtvs_sql\sqlite_qt\TMainWindow.hpp(1,1): warning C4828: Файл содержит знак, начинающийся со смещения 0x290, который является недопустимым в текущей исходной кодировке (кодовая страница 65001).
  (компиляция исходного файла "x64/Debug/moc/moc_TMainWindow.cpp")
  
X:\qtvs_sql\sqlite_qt\TMainWindow.hpp(1,1): warning C4828: Файл содержит знак, начинающийся со смещения 0x292, который является недопустимым в текущей исходной кодировке (кодовая страница 65001).
  (компиляция исходного файла "x64/Debug/moc/moc_TMainWindow.cpp")
  
X:\qtvs_sql\sqlite_qt\TMainWindow.hpp(1,1): warning C4828: Файл содержит знак, начинающийся со смещения 0x293, который является недопустимым в текущей исходной кодировке (кодовая страница 65001).
  (компиляция исходного файла "x64/Debug/moc/moc_TMainWindow.cpp")
  
X:\qtvs_sql\sqlite_qt\TMainWindow.hpp(1,1): warning C4828: Файл содержит знак, начинающийся со смещения 0x297, который является недопустимым в текущей исходной кодировке (кодовая страница 65001).
  (компиляция исходного файла "x64/Debug/moc/moc_TMainWindow.cpp")
  
X:\qtvs_sql\sqlite_qt\TMainWindow.hpp(1,1): warning C4828: Файл содержит знак, начинающийся со смещения 0x29a, который является недопустимым в текущей исходной кодировке (кодовая страница 65001).
  (компиляция исходного файла "x64/Debug/moc/moc_TMainWindow.cpp")
  
X:\qtvs_sql\sqlite_qt\TMainWindow.hpp(1,1): warning C4828: Файл содержит знак, начинающийся со смещения 0x29d, который является недопустимым в текущей исходной кодировке (кодовая страница 65001).
  (компиляция исходного файла "x64/Debug/moc/moc_TMainWindow.cpp")
  
X:\qtvs_sql\sqlite_qt\TMainWindow.hpp(1,1): warning C4828: Файл содержит знак, начинающийся со смещения 0x2c9, который является недопустимым в текущей исходной кодировке (кодовая страница 65001).
  (компиляция исходного файла "x64/Debug/moc/moc_TMainWindow.cpp")
  
X:\qtvs_sql\sqlite_qt\TMainWindow.hpp(1,1): warning C4828: Файл содержит знак, начинающийся со смещения 0x2cb, который является недопустимым в текущей исходной кодировке (кодовая страница 65001).
  (компиляция исходного файла "x64/Debug/moc/moc_TMainWindow.cpp")
  
X:\qtvs_sql\sqlite_qt\TMainWindow.hpp(1,1): warning C4828: Файл содержит знак, начинающийся со смещения 0x2ce, который является недопустимым в текущей исходной кодировке (кодовая страница 65001).
  (компиляция исходного файла "x64/Debug/moc/moc_TMainWindow.cpp")
  
X:\qtvs_sql\sqlite_qt\TMainWindow.hpp(1,1): warning C4828: Файл содержит знак, начинающийся со смещения 0x2d1, который является недопустимым в текущей исходной кодировке (кодовая страница 65001).
  (компиляция исходного файла "x64/Debug/moc/moc_TMainWindow.cpp")
  
X:\qtvs_sql\sqlite_qt\TMainWindow.hpp(1,1): warning C4828: Файл содержит знак, начинающийся со смещения 0x2d6, который является недопустимым в текущей исходной кодировке (кодовая страница 65001).
  (компиляция исходного файла "x64/Debug/moc/moc_TMainWindow.cpp")
  
X:\qtvs_sql\sqlite_qt\TMainWindow.hpp(1,1): warning C4828: Файл содержит знак, начинающийся со смещения 0x2da, который является недопустимым в текущей исходной кодировке (кодовая страница 65001).
  (компиляция исходного файла "x64/Debug/moc/moc_TMainWindow.cpp")
  
X:\qtvs_sql\sqlite_qt\TMainWindow.hpp(1,1): warning C4828: Файл содержит знак, начинающийся со смещения 0x2dd, который является недопустимым в текущей исходной кодировке (кодовая страница 65001).
  (компиляция исходного файла "x64/Debug/moc/moc_TMainWindow.cpp")
  
X:\qtvs_sql\sqlite_qt\TMainWindow.hpp(1,1): warning C4828: Файл содержит знак, начинающийся со смещения 0x2e0, который является недопустимым в текущей исходной кодировке (кодовая страница 65001).
  (компиляция исходного файла "x64/Debug/moc/moc_TMainWindow.cpp")
  
X:\qtvs_sql\sqlite_qt\TMainWindow.hpp(1,1): warning C4828: Файл содержит знак, начинающийся со смещения 0x2e3, который является недопустимым в текущей исходной кодировке (кодовая страница 65001).
  (компиляция исходного файла "x64/Debug/moc/moc_TMainWindow.cpp")
  
X:\qtvs_sql\sqlite_qt\TMainWindow.hpp(1,1): warning C4828: Файл содержит знак, начинающийся со смещения 0x2e7, который является недопустимым в текущей исходной кодировке (кодовая страница 65001).
  (компиляция исходного файла "x64/Debug/moc/moc_TMainWindow.cpp")
  
X:\qtvs_sql\sqlite_qt\TMainWindow.hpp(1,1): warning C4828: Файл содержит знак, начинающийся со смещения 0x2ea, который является недопустимым в текущей исходной кодировке (кодовая страница 65001).
  (компиляция исходного файла "x64/Debug/moc/moc_TMainWindow.cpp")
  
X:\qtvs_sql\sqlite_qt\TMainWindow.hpp(1,1): warning C4828: Файл содержит знак, начинающийся со смещения 0x2ee, который является недопустимым в текущей исходной кодировке (кодовая страница 65001).
  (компиляция исходного файла "x64/Debug/moc/moc_TMainWindow.cpp")
  
X:\qtvs_sql\sqlite_qt\TMainWindow.hpp(1,1): warning C4828: Файл содержит знак, начинающийся со смещения 0x2f2, который является недопустимым в текущей исходной кодировке (кодовая страница 65001).
  (компиляция исходного файла "x64/Debug/moc/moc_TMainWindow.cpp")
  
X:\qtvs_sql\sqlite_qt\TMainWindow.hpp(1,1): warning C4828: Файл содержит знак, начинающийся со смещения 0x2f6, который является недопустимым в текущей исходной кодировке (кодовая страница 65001).
  (компиляция исходного файла "x64/Debug/moc/moc_TMainWindow.cpp")
  
X:\qtvs_sql\sqlite_qt\TMainWindow.hpp(1,1): warning C4828: Файл содержит знак, начинающийся со смещения 0x2f9, который является недопустимым в текущей исходной кодировке (кодовая страница 65001).
  (компиляция исходного файла "x64/Debug/moc/moc_TMainWindow.cpp")
  
X:\qtvs_sql\sqlite_qt\TMainWindow.hpp(1,1): warning C4828: Файл содержит знак, начинающийся со смещения 0x2fc, который является недопустимым в текущей исходной кодировке (кодовая страница 65001).
  (компиляция исходного файла "x64/Debug/moc/moc_TMainWindow.cpp")
  
X:\qtvs_sql\sqlite_qt\TMainWindow.hpp(1,1): warning C4828: Файл содержит знак, начинающийся со смещения 0x2fd, который является недопустимым в текущей исходной кодировке (кодовая страница 65001).
  (компиляция исходного файла "x64/Debug/moc/moc_TMainWindow.cpp")
  
X:\qtvs_sql\sqlite_qt\TMainWindow.hpp(1,1): warning C4828: Файл содержит знак, начинающийся со смещения 0x300, который является недопустимым в текущей исходной кодировке (кодовая страница 65001).
  (компиляция исходного файла "x64/Debug/moc/moc_TMainWindow.cpp")
  
X:\qtvs_sql\sqlite_qt\TMainWindow.hpp(1,1): warning C4828: Файл содержит знак, начинающийся со смещения 0x303, который является недопустимым в текущей исходной кодировке (кодовая страница 65001).
  (компиляция исходного файла "x64/Debug/moc/moc_TMainWindow.cpp")
  
  sqlite_qt.vcxproj -> X:\qtvs_sql\x64\Debug\sqlite_qt.exe
